# JRE version: Java(TM) SE Runtime Environment (14.0.2+12) (build 14.0.2+12-46)
# Java VM: Java HotSpot(TM) 64-Bit Server VM (14.0.2+12-46, mixed mode, sharing, tiered, compressed oops, g1 gc, windows-amd64)
Heap:
 garbage-first heap   total 1175552K, used 328704K [0x0000000081e00000, 0x0000000100000000)
  region size 1024K, 9 young (9216K), 9 survivors (9216K)
 Metaspace       used 767K, capacity 4700K, committed 4864K, reserved 1056768K
  class space    used 74K, capacity 413K, committed 512K, reserved 1048576K
GC Heap History (20 events):
Event: 8.330 GC heap after
{Heap after GC invocations=8 (full 0):
 garbage-first heap   total 131072K, used 70991K [0x0000000081e00000, 0x0000000100000000)
  region size 1024K, 4 young (4096K), 4 survivors (4096K)
 Metaspace       used 762K, capacity 4700K, committed 4864K, reserved 1056768K
  class space    used 74K, capacity 413K, committed 512K, reserved 1048576K
}
Event: 8.370 GC heap before
{Heap before GC invocations=8 (full 0):
 garbage-first heap   total 131072K, used 88399K [0x0000000081e00000, 0x0000000100000000)
  region size 1024K, 22 young (22528K), 4 survivors (4096K)
 Metaspace       used 765K, capacity 4700K, committed 4864K, reserved 1056768K
  class space    used 74K, capacity 413K, committed 512K, reserved 1048576K
}
Event: 8.396 GC heap after
{Heap after GC invocations=9 (full 0):
 garbage-first heap   total 131072K, used 81920K [0x0000000081e00000, 0x0000000100000000)
  region size 1024K, 3 young (3072K), 3 survivors (3072K)
 Metaspace       used 765K, capacity 4700K, committed 4864K, reserved 1056768K
  class space    used 74K, capacity 413K, committed 512K, reserved 1048576K
}
Event: 8.468 GC heap before
{Heap before GC invocations=9 (full 0):
 garbage-first heap   total 155648K, used 99328K [0x0000000081e00000, 0x0000000100000000)
  region size 1024K, 18 young (18432K), 3 survivors (3072K)
 Metaspace       used 767K, capacity 4700K, committed 4864K, reserved 1056768K
  class space    used 74K, capacity 413K, committed 512K, reserved 1048576K
}
Event: 8.489 GC heap after
{Heap after GC invocations=10 (full 0):
 garbage-first heap   total 187392K, used 93184K [0x0000000081e00000, 0x0000000100000000)
  region size 1024K, 3 young (3072K), 3 survivors (3072K)
 Metaspace       used 767K, capacity 4700K, committed 4864K, reserved 1056768K
  class space    used 74K, capacity 413K, committed 512K, reserved 1048576K
}
Event: 8.574 GC heap before
{Heap before GC invocations=11 (full 0):
 garbage-first heap   total 187392K, used 125952K [0x0000000081e00000, 0x0000000100000000)
  region size 1024K, 35 young (35840K), 3 survivors (3072K)
 Metaspace       used 767K, capacity 4700K, committed 4864K, reserved 1056768K
  class space    used 74K, capacity 413K, committed 512K, reserved 1048576K
}
Event: 8.599 GC heap after
{Heap after GC invocations=12 (full 0):
 garbage-first heap   total 187392K, used 112536K [0x0000000081e00000, 0x0000000100000000)
  region size 1024K, 5 young (5120K), 5 survivors (5120K)
 Metaspace       used 767K, capacity 4700K, committed 4864K, reserved 1056768K
  class space    used 74K, capacity 413K, committed 512K, reserved 1048576K
}
Event: 8.652 GC heap before
{Heap before GC invocations=12 (full 0):
 garbage-first heap   total 187392K, used 136088K [0x0000000081e00000, 0x0000000100000000)
  region size 1024K, 28 young (28672K), 5 survivors (5120K)
 Metaspace       used 767K, capacity 4700K, committed 4864K, reserved 1056768K
  class space    used 74K, capacity 413K, committed 512K, reserved 1048576K
}
Event: 8.676 GC heap after
{Heap after GC invocations=13 (full 0):
 garbage-first heap   total 187392K, used 127488K [0x0000000081e00000, 0x0000000100000000)
  region size 1024K, 4 young (4096K), 4 survivors (4096K)
 Metaspace       used 767K, capacity 4700K, committed 4864K, reserved 1056768K
  class space    used 74K, capacity 413K, committed 512K, reserved 1048576K
}
Event: 8.718 GC heap before
{Heap before GC invocations=13 (full 0):
 garbage-first heap   total 187392K, used 143872K [0x0000000081e00000, 0x0000000100000000)
  region size 1024K, 20 young (20480K), 4 survivors (4096K)
 Metaspace       used 767K, capacity 4700K, committed 4864K, reserved 1056768K
  class space    used 74K, capacity 413K, committed 512K, reserved 1048576K
}
Event: 8.736 GC heap after
{Heap after GC invocations=14 (full 0):
 garbage-first heap   total 187392K, used 137216K [0x0000000081e00000, 0x0000000100000000)
  region size 1024K, 3 young (3072K), 3 survivors (3072K)
 Metaspace       used 767K, capacity 4700K, committed 4864K, reserved 1056768K
  class space    used 74K, capacity 413K, committed 512K, reserved 1048576K
}
Event: 8.774 GC heap before
{Heap before GC invocations=14 (full 0):
 garbage-first heap   total 187392K, used 149504K [0x0000000081e00000, 0x0000000100000000)
  region size 1024K, 15 young (15360K), 3 survivors (3072K)
 Metaspace       used 767K, capacity 4700K, committed 4864K, reserved 1056768K
  class space    used 74K, capacity 413K, committed 512K, reserved 1048576K
}
Event: 8.795 GC heap after
{Heap after GC invocations=15 (full 0):
 garbage-first heap   total 534528K, used 145408K [0x0000000081e00000, 0x0000000100000000)
  region size 1024K, 2 young (2048K), 2 survivors (2048K)
 Metaspace       used 767K, capacity 4700K, committed 4864K, reserved 1056768K
  class space    used 74K, capacity 413K, committed 512K, reserved 1048576K
}
Event: 9.160 GC heap before
{Heap before GC invocations=16 (full 0):
 garbage-first heap   total 478208K, used 264192K [0x0000000081e00000, 0x0000000100000000)
  region size 1024K, 112 young (114688K), 2 survivors (2048K)
 Metaspace       used 767K, capacity 4700K, committed 4864K, reserved 1056768K
  class space    used 74K, capacity 413K, committed 512K, reserved 1048576K
}
Event: 9.236 GC heap after
{Heap after GC invocations=17 (full 0):
 garbage-first heap   total 478208K, used 215919K [0x0000000081e00000, 0x0000000100000000)
  region size 1024K, 14 young (14336K), 14 survivors (14336K)
 Metaspace       used 767K, capacity 4700K, committed 4864K, reserved 1056768K
  class space    used 74K, capacity 413K, committed 512K, reserved 1048576K
}
Event: 9.330 GC heap before
{Heap before GC invocations=17 (full 0):
 garbage-first heap   total 478208K, used 254831K [0x0000000081e00000, 0x0000000100000000)
  region size 1024K, 52 young (53248K), 14 survivors (14336K)
 Metaspace       used 767K, capacity 4700K, committed 4864K, reserved 1056768K
  class space    used 74K, capacity 413K, committed 512K, reserved 1048576K
}
Event: 9.368 GC heap after
{Heap after GC invocations=18 (full 0):
 garbage-first heap   total 478208K, used 239616K [0x0000000081e00000, 0x0000000100000000)
  region size 1024K, 7 young (7168K), 7 survivors (7168K)
 Metaspace       used 767K, capacity 4700K, committed 4864K, reserved 1056768K
  class space    used 74K, capacity 413K, committed 512K, reserved 1048576K
}
Event: 9.525 GC heap before
{Heap before GC invocations=18 (full 0):
 garbage-first heap   total 478208K, used 308224K [0x0000000081e00000, 0x0000000100000000)
  region size 1024K, 74 young (75776K), 7 survivors (7168K)
 Metaspace       used 767K, capacity 4700K, committed 4864K, reserved 1056768K
  class space    used 74K, capacity 413K, committed 512K, reserved 1048576K
}
Event: 9.595 GC heap after
{Heap after GC invocations=19 (full 0):
 garbage-first heap   total 478208K, used 280576K [0x0000000081e00000, 0x0000000100000000)
  region size 1024K, 10 young (10240K), 10 survivors (10240K)
 Metaspace       used 767K, capacity 4700K, committed 4864K, reserved 1056768K
  class space    used 74K, capacity 413K, committed 512K, reserved 1048576K
}
Event: 9.889 GC heap before
{Heap before GC invocations=19 (full 0):
 garbage-first heap   total 580608K, used 351232K [0x0000000081e00000, 0x0000000100000000)
  region size 1024K, 67 young (68608K), 10 survivors (10240K)
 Metaspace       used 767K, capacity 4700K, committed 4864K, reserved 1056768K
  class space    used 74K, capacity 413K, committed 512K, reserved 1048576K
}

